  problem_02_1.cpp
C:\Users\phm71\source\repos\problem_02_1\problem_02_1\problem_02_1.cpp(30,19): error C2665:  'swap': 5개의 오버로드 중 모든 인수 형식을 변환할 수 있는 오버로드가 없습니다.
C:\Users\phm71\source\repos\problem_02_1\problem_02_1\problem_02_1.cpp(18,6): message :  'void swap(double,double)'일 수 있습니다.
C:\Users\phm71\source\repos\problem_02_1\problem_02_1\problem_02_1.cpp(11,6): message :  또는       'void swap(char,char)'
C:\Users\phm71\source\repos\problem_02_1\problem_02_1\problem_02_1.cpp(4,6): message :  또는       'void swap(int,int)'
C:\Program Files (x86)\Microsoft Visual Studio\2019\Community\VC\Tools\MSVC\14.22.27905\include\exception(277,13): message :  또는       'void std::swap(std::exception_ptr &,std::exception_ptr &) noexcept'
C:\Program Files (x86)\Microsoft Visual Studio\2019\Community\VC\Tools\MSVC\14.22.27905\include\utility(52,13): message :  또는       'void std::swap<int*,void>(_Ty &,_Ty &) noexcept(<expr>)'
C:\Program Files (x86)\Microsoft Visual Studio\2019\Community\VC\Tools\MSVC\14.22.27905\include\utility(52,13): message :         with
C:\Program Files (x86)\Microsoft Visual Studio\2019\Community\VC\Tools\MSVC\14.22.27905\include\utility(52,13): message :         [
C:\Program Files (x86)\Microsoft Visual Studio\2019\Community\VC\Tools\MSVC\14.22.27905\include\utility(52,13): message :             _Ty=int *
C:\Program Files (x86)\Microsoft Visual Studio\2019\Community\VC\Tools\MSVC\14.22.27905\include\utility(52,13): message :         ]
C:\Users\phm71\source\repos\problem_02_1\problem_02_1\problem_02_1.cpp(30,19): message :  인수 목록 '(int *, int *)'을(를) 일치시키는 동안
C:\Users\phm71\source\repos\problem_02_1\problem_02_1\problem_02_1.cpp(34,17): error C2665:  'swap': 5개의 오버로드 중 모든 인수 형식을 변환할 수 있는 오버로드가 없습니다.
C:\Users\phm71\source\repos\problem_02_1\problem_02_1\problem_02_1.cpp(18,6): message :  'void swap(double,double)'일 수 있습니다.
C:\Users\phm71\source\repos\problem_02_1\problem_02_1\problem_02_1.cpp(11,6): message :  또는       'void swap(char,char)'
C:\Users\phm71\source\repos\problem_02_1\problem_02_1\problem_02_1.cpp(4,6): message :  또는       'void swap(int,int)'
C:\Program Files (x86)\Microsoft Visual Studio\2019\Community\VC\Tools\MSVC\14.22.27905\include\exception(277,13): message :  또는       'void std::swap(std::exception_ptr &,std::exception_ptr &) noexcept'
C:\Program Files (x86)\Microsoft Visual Studio\2019\Community\VC\Tools\MSVC\14.22.27905\include\utility(52,13): message :  또는       'void std::swap<char*,void>(_Ty &,_Ty &) noexcept(<expr>)'
C:\Program Files (x86)\Microsoft Visual Studio\2019\Community\VC\Tools\MSVC\14.22.27905\include\utility(52,13): message :         with
C:\Program Files (x86)\Microsoft Visual Studio\2019\Community\VC\Tools\MSVC\14.22.27905\include\utility(52,13): message :         [
C:\Program Files (x86)\Microsoft Visual Studio\2019\Community\VC\Tools\MSVC\14.22.27905\include\utility(52,13): message :             _Ty=char *
C:\Program Files (x86)\Microsoft Visual Studio\2019\Community\VC\Tools\MSVC\14.22.27905\include\utility(52,13): message :         ]
C:\Users\phm71\source\repos\problem_02_1\problem_02_1\problem_02_1.cpp(34,17): message :  인수 목록 '(char *, char *)'을(를) 일치시키는 동안
C:\Users\phm71\source\repos\problem_02_1\problem_02_1\problem_02_1.cpp(38,19): error C2665:  'swap': 5개의 오버로드 중 모든 인수 형식을 변환할 수 있는 오버로드가 없습니다.
C:\Users\phm71\source\repos\problem_02_1\problem_02_1\problem_02_1.cpp(18,6): message :  'void swap(double,double)'일 수 있습니다.
C:\Users\phm71\source\repos\problem_02_1\problem_02_1\problem_02_1.cpp(11,6): message :  또는       'void swap(char,char)'
C:\Users\phm71\source\repos\problem_02_1\problem_02_1\problem_02_1.cpp(4,6): message :  또는       'void swap(int,int)'
C:\Program Files (x86)\Microsoft Visual Studio\2019\Community\VC\Tools\MSVC\14.22.27905\include\exception(277,13): message :  또는       'void std::swap(std::exception_ptr &,std::exception_ptr &) noexcept'
C:\Program Files (x86)\Microsoft Visual Studio\2019\Community\VC\Tools\MSVC\14.22.27905\include\utility(52,13): message :  또는       'void std::swap<double*,void>(_Ty &,_Ty &) noexcept(<expr>)'
C:\Program Files (x86)\Microsoft Visual Studio\2019\Community\VC\Tools\MSVC\14.22.27905\include\utility(52,13): message :         with
C:\Program Files (x86)\Microsoft Visual Studio\2019\Community\VC\Tools\MSVC\14.22.27905\include\utility(52,13): message :         [
C:\Program Files (x86)\Microsoft Visual Studio\2019\Community\VC\Tools\MSVC\14.22.27905\include\utility(52,13): message :             _Ty=double *
C:\Program Files (x86)\Microsoft Visual Studio\2019\Community\VC\Tools\MSVC\14.22.27905\include\utility(52,13): message :         ]
C:\Users\phm71\source\repos\problem_02_1\problem_02_1\problem_02_1.cpp(38,19): message :  인수 목록 '(double *, double *)'을(를) 일치시키는 동안
